2025-10-05 04:10:37,900 - shop_bot - INFO - logger.py:74 - ✅ Админ уже существует: Safar
2025-10-05 04:10:37,901 - shop_bot - INFO - logger.py:74 - Планировщик резервного копирования запущен
2025-10-05 04:10:37,901 - shop_bot - INFO - logger.py:74 - Система мониторинга запущена
2025-10-05 04:10:37,904 - shop_bot - INFO - logger.py:74 - Загружено 1 автоматических постов
2025-10-05 04:10:37,904 - shop_bot - INFO - logger.py:74 - Планировщик автоматических постов запущен
2025-10-05 04:10:37,905 - shop_bot - INFO - logger.py:74 - ✅ Система автоматических постов инициализирована
2025-10-05 04:10:37,906 - shop_bot - INFO - logger.py:74 - Резервная копия создана: backups/shop_bot_backup_20251005_041037.db.gz
2025-10-05 04:10:37,920 - shop_bot - INFO - logger.py:74 - Мониторинг синхронизации данных запущен
2025-10-05 04:10:37,920 - shop_bot - INFO - logger.py:74 - ✅ Бот инициализирован успешно
2025-10-05 04:10:37,921 - shop_bot - INFO - logger.py:74 - 🛍 Телеграм-бот интернет-магазина запущен!
2025-10-05 04:10:37,921 - shop_bot - INFO - logger.py:74 - 📱 Ожидание сообщений...
2025-10-05 04:10:37,921 - shop_bot - INFO - logger.py:74 - Нажмите Ctrl+C для остановки
2025-10-05 04:10:44,231 - shop_bot - INFO - logger.py:74 - Сообщение от 5720497431: 🏠 Главная...
2025-10-05 04:10:46,278 - shop_bot - INFO - logger.py:74 - Сообщение от 5720497431: 📞 Связаться с нами...
2025-10-05 04:10:48,313 - shop_bot - INFO - logger.py:74 - Сообщение от 5720497431: 🧑‍💼 Стать продавцом...
2025-10-05 04:10:50,579 - shop_bot - INFO - logger.py:74 - Сообщение от 5720497431: 🔙 Назад...
2025-10-05 04:10:54,881 - shop_bot - INFO - logger.py:74 - Сообщение от 5720497431: 🛍 Каталог...
2025-10-05 04:10:57,851 - shop_bot - INFO - logger.py:74 - Сообщение от 5720497431: 🔙 Главная...
2025-10-05 04:15:45,104 - shop_bot - INFO - logger.py:74 - Получен сигнал 2, завершение работы...
2025-10-05 04:15:45,104 - shop_bot - INFO - logger.py:74 - 🔄 Закрытие соединений...
2025-10-05 06:28:08,715 - shop_bot - INFO - logger.py:74 - ✅ Админ уже существует: Safar
2025-10-05 06:28:08,716 - shop_bot - INFO - logger.py:74 - Планировщик резервного копирования запущен
2025-10-05 06:28:08,717 - shop_bot - INFO - logger.py:74 - Система мониторинга запущена
2025-10-05 06:28:08,719 - shop_bot - INFO - logger.py:74 - Загружено 1 автоматических постов
2025-10-05 06:28:08,719 - shop_bot - INFO - logger.py:74 - Планировщик автоматических постов запущен
2025-10-05 06:28:08,719 - shop_bot - INFO - logger.py:74 - ✅ Система автоматических постов инициализирована
2025-10-05 06:28:08,722 - shop_bot - INFO - logger.py:74 - Резервная копия создана: backups/shop_bot_backup_20251005_062808.db.gz
2025-10-05 06:28:08,737 - shop_bot - INFO - logger.py:74 - Мониторинг синхронизации данных запущен
2025-10-05 06:28:08,737 - shop_bot - INFO - logger.py:74 - ✅ Бот инициализирован успешно
2025-10-05 06:28:08,737 - shop_bot - INFO - logger.py:74 - 🛍 Телеграм-бот интернет-магазина запущен!
2025-10-05 06:28:08,737 - shop_bot - INFO - logger.py:74 - 📱 Ожидание сообщений...
2025-10-05 06:28:08,737 - shop_bot - INFO - logger.py:74 - Нажмите Ctrl+C для остановки
2025-10-05 06:28:09,294 - shop_bot - INFO - logger.py:74 - Сообщение от 5720497431: 🛍 Каталог...
2025-10-05 06:28:13,698 - shop_bot - INFO - logger.py:74 - Сообщение от 5720497431: 🔙 Главная...
2025-10-05 06:28:15,764 - shop_bot - INFO - logger.py:74 - Сообщение от 5720497431: 🛍 Каталог...
2025-10-05 06:28:18,511 - shop_bot - INFO - logger.py:74 - Сообщение от 5720497431: 🔙 Главная...
2025-10-05 06:40:16,233 - shop_bot - INFO - logger.py:74 - Сообщение от 5720497431: 🛍 Каталог...
2025-10-05 06:40:18,361 - shop_bot - INFO - logger.py:74 - Сообщение от 5720497431: 📚 Книги...
2025-10-05 06:40:20,534 - shop_bot - INFO - logger.py:74 - Сообщение от 5720497431: 🛍 Книга "Python для начинающих" - $39.99...
2025-10-05 06:40:26,576 - shop_bot - INFO - logger.py:74 - Сообщение от 5720497431: 📦 Оформить заказ...
2025-10-05 06:40:35,895 - shop_bot - INFO - logger.py:74 - Сообщение от 5720497431: ✍️ Ввести адрес...
2025-10-05 06:40:40,096 - shop_bot - INFO - logger.py:74 - Сообщение от 5720497431: dsadadsadadads...
2025-10-05 06:40:42,140 - shop_bot - INFO - logger.py:74 - Сообщение от 5720497431: 💵 Наличными при получении...
2025-10-05 06:40:48,798 - shop_bot - INFO - logger.py:74 - Сообщение от 5720497431: 💳 Payme...
2025-10-05 06:40:53,507 - shop_bot - INFO - logger.py:74 - Сообщение от 5720497431: 🧑‍💼 Стать продавцом...
2025-10-05 06:40:56,067 - shop_bot - INFO - logger.py:74 - Сообщение от 5720497431: 🔙 Назад...
2025-10-05 06:40:58,422 - shop_bot - INFO - logger.py:74 - Сообщение от 5720497431: 📋 Мои заказы...
2025-10-05 06:41:00,472 - shop_bot - INFO - logger.py:74 - Сообщение от 5720497431: 🛒 Корзина...
2025-10-05 06:41:03,747 - shop_bot - INFO - logger.py:74 - Сообщение от 5720497431: 📦 Оформить заказ...
2025-10-05 06:41:06,365 - shop_bot - INFO - logger.py:74 - Сообщение от 5720497431: 🔙 Назад...
2025-10-05 06:44:49,853 - shop_bot - INFO - logger.py:74 - Сообщение от 5720497431: 🛍 Каталог...
2025-10-05 06:45:00,362 - shop_bot - INFO - logger.py:74 - Сообщение от 5720497431: 🔙 Главная...
2025-10-05 06:45:02,002 - shop_bot - INFO - logger.py:74 - Сообщение от 5720497431: 🛍 Каталог...
2025-10-05 06:45:07,791 - shop_bot - INFO - logger.py:74 - Сообщение от 5720497431: 📱 Электроника...
2025-10-05 06:45:09,712 - shop_bot - INFO - logger.py:74 - Сообщение от 5720497431: 🍎 Apple...
2025-10-05 06:45:11,573 - shop_bot - INFO - logger.py:74 - Сообщение от 5720497431: 🛍 MacBook Air M2 - $1199.99...
2025-10-05 06:45:34,595 - shop_bot - INFO - logger.py:74 - Сообщение от 5720497431: 🔙 К категориям...
2025-10-05 06:45:36,438 - shop_bot - INFO - logger.py:74 - Сообщение от 5720497431: 📱 Электроника...
2025-10-05 06:45:38,655 - shop_bot - INFO - logger.py:74 - Сообщение от 5720497431: 🍎 Apple...
2025-10-05 06:45:41,550 - shop_bot - INFO - logger.py:74 - Сообщение от 5720497431: 🛍 Беспроводные наушники - $249.99...
2025-10-05 07:28:08,726 - shop_bot - INFO - logger.py:74 - Резервная копия создана: backups/shop_bot_backup_20251005_072808.db.gz
2025-10-05 07:52:40,939 - shop_bot - INFO - logger.py:74 - ✅ Админ уже существует: Safar
2025-10-05 07:52:40,939 - shop_bot - INFO - logger.py:74 - Планировщик резервного копирования запущен
2025-10-05 07:52:40,940 - shop_bot - INFO - logger.py:74 - Система мониторинга запущена
2025-10-05 07:52:40,943 - shop_bot - INFO - logger.py:74 - Загружено 1 автоматических постов
2025-10-05 07:52:40,943 - shop_bot - INFO - logger.py:74 - Планировщик автоматических постов запущен
2025-10-05 07:52:40,943 - shop_bot - INFO - logger.py:74 - ✅ Система автоматических постов инициализирована
2025-10-05 07:52:40,945 - shop_bot - INFO - logger.py:74 - Резервная копия создана: backups/shop_bot_backup_20251005_075240.db.gz
2025-10-05 07:52:40,958 - shop_bot - INFO - logger.py:74 - Мониторинг синхронизации данных запущен
2025-10-05 07:52:40,959 - shop_bot - INFO - logger.py:74 - ✅ Бот инициализирован успешно
2025-10-05 07:52:40,959 - shop_bot - INFO - logger.py:74 - 🛍 Телеграм-бот интернет-магазина запущен!
2025-10-05 07:52:40,959 - shop_bot - INFO - logger.py:74 - 📱 Ожидание сообщений...
2025-10-05 07:52:40,959 - shop_bot - INFO - logger.py:74 - Нажмите Ctrl+C для остановки
2025-10-05 07:52:43,069 - shop_bot - WARNING - logger.py:78 - getUpdates returned empty/invalid — backing off
2025-10-05 07:52:47,677 - shop_bot - WARNING - logger.py:78 - getUpdates returned empty/invalid — backing off
2025-10-05 07:52:52,900 - shop_bot - INFO - logger.py:74 - Сообщение от 5720497431: 🛍 MacBook Air M2 - $1199.99...
2025-10-05 07:52:55,050 - shop_bot - INFO - logger.py:74 - Сообщение от 5720497431: 🏠 Главная...
2025-10-05 07:52:57,302 - shop_bot - INFO - logger.py:74 - Сообщение от 5720497431: 🛍 Каталог...
2025-10-05 07:52:59,254 - shop_bot - INFO - logger.py:74 - Сообщение от 5720497431: 💄 Красота...
2025-10-05 07:53:01,300 - shop_bot - INFO - logger.py:74 - Сообщение от 5720497431: 🛍 Крем для лица - $49.99...
2025-10-05 07:53:07,645 - shop_bot - INFO - logger.py:74 - Сообщение от 5720497431: 📦 Оформить заказ...
2025-10-05 07:53:34,577 - shop_bot - INFO - logger.py:74 - Сообщение от 5720497431: ✍️ Ввести адрес...
2025-10-05 07:53:38,520 - shop_bot - INFO - logger.py:74 - Сообщение от 5720497431: Hhggghh...
2025-10-05 07:53:48,708 - shop_bot - INFO - logger.py:74 - Сообщение от 5720497431: J XXL hĥnjgvcfhhfffgv...
2025-10-05 07:53:50,960 - shop_bot - INFO - logger.py:74 - Сообщение от 5720497431: 💵 Наличными при получении...
2025-10-05 07:54:02,367 - shop_bot - INFO - logger.py:74 - Сообщение от 5720497431: ❌ Отмена...
2025-10-05 08:24:25,510 - shop_bot - INFO - logger.py:74 - Сообщение от 5720497431: 🛍 Каталог...
2025-10-05 08:24:27,456 - shop_bot - INFO - logger.py:74 - Сообщение от 5720497431: 📚 Книги...
2025-10-05 08:24:29,606 - shop_bot - INFO - logger.py:74 - Сообщение от 5720497431: 🛍 Книга "Python для начинающих" - $39.99...
2025-10-05 08:24:41,587 - shop_bot - INFO - logger.py:74 - Сообщение от 5720497431: 🔙 К категориям...
2025-10-05 08:28:08,730 - shop_bot - INFO - logger.py:74 - Резервная копия создана: backups/shop_bot_backup_20251005_082808.db.gz
2025-10-05 09:28:08,735 - shop_bot - INFO - logger.py:74 - Резервная копия создана: backups/shop_bot_backup_20251005_092808.db.gz
2025-10-05 10:28:08,739 - shop_bot - INFO - logger.py:74 - Резервная копия создана: backups/shop_bot_backup_20251005_102808.db.gz
2025-10-05 10:30:30,440 - shop_bot - INFO - logger.py:74 - Сообщение от 5720497431: 🔙 Главная...
2025-10-05 10:30:32,222 - shop_bot - INFO - logger.py:74 - Сообщение от 5720497431: 🛍 Каталог...
2025-10-05 10:39:36,175 - shop_bot - INFO - logger.py:74 - Сообщение от 5720497431: 🔙 Главная...
2025-10-05 10:39:38,119 - shop_bot - INFO - logger.py:74 - Сообщение от 5720497431: 🛍 Каталог...
2025-10-05 10:40:54,510 - shop_bot - WARNING - logger.py:78 - getUpdates returned empty/invalid — backing off
2025-10-05 10:41:06,919 - shop_bot - WARNING - logger.py:78 - getUpdates returned empty/invalid — backing off
2025-10-05 10:41:15,502 - shop_bot - WARNING - logger.py:78 - getUpdates returned empty/invalid — backing off
2025-10-05 10:41:32,399 - shop_bot - WARNING - logger.py:78 - getUpdates returned empty/invalid — backing off
2025-10-05 10:43:18,179 - shop_bot - INFO - logger.py:74 - Сообщение от 5720497431: 🔙 Главная...
2025-10-05 10:43:26,044 - shop_bot - INFO - logger.py:74 - Получен сигнал 2, завершение работы...
2025-10-05 10:43:26,045 - shop_bot - INFO - logger.py:74 - 🔄 Закрытие соединений...
